Put cmake in trace mode, but with variables expanded.
-- Building for: Visual Studio 17 2022
-- Selecting Windows SDK version 10.0.22621.0 to target Windows 10.0.22631.
-- The CXX compiler identification is MSVC 19.42.34433.0
-- Detecting CXX compiler ABI info
-- Detecting CXX compiler ABI info - done
-- Check for working CXX compiler: C:/Program Files/Microsoft Visual Studio/2022/Community/VC/Tools/MSVC/14.42.34433/bin/Hostx64/x64/cl.exe - skipped
-- Detecting CXX compile features
-- Detecting CXX compile features - done
-- Found Vulkan: D:/Development/Libs/VulkanSDK/1.4.304.0/Lib/vulkan-1.lib (found version "1.4.304") found components: glslc glslangValidator
-- >>> Fetching SPIRV-Reflect...
-- The C compiler identification is MSVC 19.42.34433.0
-- Detecting C compiler ABI info
-- Detecting C compiler ABI info - done
-- Check for working C compiler: C:/Program Files/Microsoft Visual Studio/2022/Community/VC/Tools/MSVC/14.42.34433/bin/Hostx64/x64/cl.exe - skipped
-- Detecting C compile features
-- Detecting C compile features - done
-- >>> Checking SPIRV-Reflect Directories:
-- SPIRV-Reflect Source Dir: 
-- SPIRV-Reflect Binary Dir: 
-- Configuring incomplete, errors occurred!
